<?xml version="1.0" encoding="utf-8"?>
<coverage line-rate="0.9615" branch-rate="0.8665999999999999" version="1.9" timestamp="1743371551" lines-covered="225" lines-valid="234" branches-covered="78" branches-valid="90">
  <sources>
    <source>C:\Users\rambu\OneDrive\Documents\Code\refactor-me-master\</source>
  </sources>
  <packages>
    <package name="ProcessDelivery.Application" line-rate="0.9831" branch-rate="0.8946999999999999" complexity="83">
      <classes>
        <class name="ProcessDelivery.Application.LibraryManager" filename="ProcessDelivery\LibraryManager.cs" line-rate="1" branch-rate="1" complexity="1">
          <methods>
            <method name=".ctor" signature="(ProcessDelivery.Domain.Interfaces.IAIRiskService)" line-rate="1" branch-rate="1" complexity="1">
              <lines>
                <line number="17" hits="8" branch="False" />
                <line number="18" hits="8" branch="False" />
                <line number="19" hits="8" branch="False" />
                <line number="20" hits="8" branch="False" />
                <line number="21" hits="8" branch="False" />
                <line number="22" hits="8" branch="False" />
                <line number="23" hits="8" branch="False" />
                <line number="24" hits="8" branch="False" />
                <line number="25" hits="8" branch="False" />
                <line number="26" hits="8" branch="False" />
                <line number="27" hits="8" branch="False" />
                <line number="28" hits="8" branch="False" />
                <line number="29" hits="8" branch="False" />
                <line number="30" hits="8" branch="False" />
                <line number="31" hits="8" branch="False" />
              </lines>
            </method>
          </methods>
          <lines>
            <line number="17" hits="8" branch="False" />
            <line number="18" hits="8" branch="False" />
            <line number="19" hits="8" branch="False" />
            <line number="20" hits="8" branch="False" />
            <line number="21" hits="8" branch="False" />
            <line number="22" hits="8" branch="False" />
            <line number="23" hits="8" branch="False" />
            <line number="24" hits="8" branch="False" />
            <line number="25" hits="8" branch="False" />
            <line number="26" hits="8" branch="False" />
            <line number="27" hits="8" branch="False" />
            <line number="28" hits="8" branch="False" />
            <line number="29" hits="8" branch="False" />
            <line number="30" hits="8" branch="False" />
            <line number="31" hits="8" branch="False" />
          </lines>
        </class>
        <class name="ProcessDelivery.Application.LibraryManager/&lt;&gt;c__DisplayClass3_0" filename="ProcessDelivery\LibraryManager.cs" line-rate="1" branch-rate="1" complexity="1">
          <methods>
            <method name="&lt;ReturnBook&gt;b__0" signature="(ProcessDelivery.Domain.Interfaces.IRiskStrategy)" line-rate="1" branch-rate="1" complexity="1">
              <lines>
                <line number="40" hits="23" branch="False" />
              </lines>
            </method>
          </methods>
          <lines>
            <line number="40" hits="23" branch="False" />
          </lines>
        </class>
        <class name="ProcessDelivery.Application.LibraryManager/&lt;ReturnBook&gt;d__3" filename="ProcessDelivery\LibraryManager.cs" line-rate="0.85" branch-rate="0.8332999999999999" complexity="6">
          <methods>
            <method name="MoveNext" signature="()" line-rate="0.85" branch-rate="0.8332999999999999" complexity="6">
              <lines>
                <line number="34" hits="7" branch="False" />
                <line number="36" hits="7" branch="False" />
                <line number="37" hits="7" branch="True" condition-coverage="100% (2/2)">
                  <conditions>
                    <condition number="88" type="jump" coverage="100%" />
                  </conditions>
                </line>
                <line number="38" hits="1" branch="False" />
                <line number="42" hits="6" branch="True" condition-coverage="75% (3/4)">
                  <conditions>
                    <condition number="151" type="jump" coverage="50%" />
                    <condition number="189" type="jump" coverage="100%" />
                  </conditions>
                </line>
                <line number="43" hits="4" branch="False" />
                <line number="44" hits="4" branch="False" />
                <line number="45" hits="4" branch="False" />
                <line number="49" hits="2" branch="False" />
                <line number="50" hits="1" branch="False" />
                <line number="52" hits="1" branch="False" />
                <line number="53" hits="1" branch="False" />
                <line number="54" hits="1" branch="False" />
                <line number="56" hits="1" branch="False" />
                <line number="57" hits="1" branch="False" />
                <line number="58" hits="1" branch="False" />
                <line number="60" hits="0" branch="False" />
                <line number="61" hits="0" branch="False" />
                <line number="62" hits="0" branch="False" />
                <line number="64" hits="5" branch="False" />
              </lines>
            </method>
          </methods>
          <lines>
            <line number="34" hits="7" branch="False" />
            <line number="36" hits="7" branch="False" />
            <line number="37" hits="7" branch="True" condition-coverage="100% (2/2)">
              <conditions>
                <condition number="88" type="jump" coverage="100%" />
              </conditions>
            </line>
            <line number="38" hits="1" branch="False" />
            <line number="42" hits="6" branch="True" condition-coverage="75% (3/4)">
              <conditions>
                <condition number="151" type="jump" coverage="50%" />
                <condition number="189" type="jump" coverage="100%" />
              </conditions>
            </line>
            <line number="43" hits="4" branch="False" />
            <line number="44" hits="4" branch="False" />
            <line number="45" hits="4" branch="False" />
            <line number="49" hits="2" branch="False" />
            <line number="50" hits="1" branch="False" />
            <line number="52" hits="1" branch="False" />
            <line number="53" hits="1" branch="False" />
            <line number="54" hits="1" branch="False" />
            <line number="56" hits="1" branch="False" />
            <line number="57" hits="1" branch="False" />
            <line number="58" hits="1" branch="False" />
            <line number="60" hits="0" branch="False" />
            <line number="61" hits="0" branch="False" />
            <line number="62" hits="0" branch="False" />
            <line number="64" hits="5" branch="False" />
          </lines>
        </class>
        <class name="ProcessDelivery.Application.RiskStrategies.EarlyThenEarlyStrategy" filename="ProcessDelivery\RiskStrategies\EarlyThenEarlyStrategy.cs" line-rate="1" branch-rate="0.9166" complexity="12">
          <methods>
            <method name="IsMatch" signature="(ProcessDelivery.Domain.Models.Book,System.DateTime)" line-rate="1" branch-rate="0.875" complexity="8">
              <lines>
                <line number="11" hits="5" branch="False" />
                <line number="12" hits="5" branch="True" condition-coverage="87.5% (7/8)">
                  <conditions>
                    <condition number="30" type="jump" coverage="50%" />
                    <condition number="54" type="jump" coverage="100%" />
                    <condition number="70" type="jump" coverage="100%" />
                    <condition number="86" type="jump" coverage="100%" />
                  </conditions>
                </line>
                <line number="13" hits="5" branch="False" />
                <line number="14" hits="5" branch="False" />
                <line number="15" hits="5" branch="False" />
                <line number="16" hits="5" branch="False" />
              </lines>
            </method>
            <method name="Evaluate" signature="(ProcessDelivery.Domain.Models.Book,System.DateTime)" line-rate="1" branch-rate="1" complexity="4">
              <lines>
                <line number="19" hits="3" branch="False" />
                <line number="20" hits="3" branch="True" condition-coverage="100% (2/2)">
                  <conditions>
                    <condition number="15" type="jump" coverage="100%" />
                  </conditions>
                </line>
                <line number="21" hits="1" branch="False" />
                <line number="22" hits="1" branch="False" />
                <line number="23" hits="1" branch="False" />
                <line number="24" hits="1" branch="False" />
                <line number="25" hits="1" branch="False" />
                <line number="26" hits="1" branch="False" />
                <line number="28" hits="2" branch="True" condition-coverage="100% (2/2)">
                  <conditions>
                    <condition number="60" type="jump" coverage="100%" />
                  </conditions>
                </line>
                <line number="29" hits="1" branch="False" />
                <line number="30" hits="1" branch="False" />
                <line number="31" hits="1" branch="False" />
                <line number="32" hits="1" branch="False" />
                <line number="33" hits="1" branch="False" />
                <line number="34" hits="1" branch="False" />
                <line number="37" hits="1" branch="False" />
                <line number="38" hits="1" branch="False" />
                <line number="39" hits="1" branch="False" />
                <line number="40" hits="1" branch="False" />
                <line number="41" hits="1" branch="False" />
                <line number="42" hits="1" branch="False" />
                <line number="44" hits="3" branch="False" />
              </lines>
            </method>
          </methods>
          <lines>
            <line number="11" hits="5" branch="False" />
            <line number="12" hits="5" branch="True" condition-coverage="87.5% (7/8)">
              <conditions>
                <condition number="30" type="jump" coverage="50%" />
                <condition number="54" type="jump" coverage="100%" />
                <condition number="70" type="jump" coverage="100%" />
                <condition number="86" type="jump" coverage="100%" />
              </conditions>
            </line>
            <line number="13" hits="5" branch="False" />
            <line number="14" hits="5" branch="False" />
            <line number="15" hits="5" branch="False" />
            <line number="16" hits="5" branch="False" />
            <line number="19" hits="3" branch="False" />
            <line number="20" hits="3" branch="True" condition-coverage="100% (2/2)">
              <conditions>
                <condition number="15" type="jump" coverage="100%" />
              </conditions>
            </line>
            <line number="21" hits="1" branch="False" />
            <line number="22" hits="1" branch="False" />
            <line number="23" hits="1" branch="False" />
            <line number="24" hits="1" branch="False" />
            <line number="25" hits="1" branch="False" />
            <line number="26" hits="1" branch="False" />
            <line number="28" hits="2" branch="True" condition-coverage="100% (2/2)">
              <conditions>
                <condition number="60" type="jump" coverage="100%" />
              </conditions>
            </line>
            <line number="29" hits="1" branch="False" />
            <line number="30" hits="1" branch="False" />
            <line number="31" hits="1" branch="False" />
            <line number="32" hits="1" branch="False" />
            <line number="33" hits="1" branch="False" />
            <line number="34" hits="1" branch="False" />
            <line number="37" hits="1" branch="False" />
            <line number="38" hits="1" branch="False" />
            <line number="39" hits="1" branch="False" />
            <line number="40" hits="1" branch="False" />
            <line number="41" hits="1" branch="False" />
            <line number="42" hits="1" branch="False" />
            <line number="44" hits="3" branch="False" />
          </lines>
        </class>
        <class name="ProcessDelivery.Application.RiskStrategies.EarlyThenLateStrategy" filename="ProcessDelivery\RiskStrategies\EarlyThenLateStrategy.cs" line-rate="1" branch-rate="0.875" complexity="9">
          <methods>
            <method name="IsMatch" signature="(ProcessDelivery.Domain.Models.Book,System.DateTime)" line-rate="1" branch-rate="0.875" complexity="8">
              <lines>
                <line number="11" hits="5" branch="False" />
                <line number="12" hits="5" branch="True" condition-coverage="87.5% (7/8)">
                  <conditions>
                    <condition number="30" type="jump" coverage="50%" />
                    <condition number="54" type="jump" coverage="100%" />
                    <condition number="70" type="jump" coverage="100%" />
                    <condition number="86" type="jump" coverage="100%" />
                  </conditions>
                </line>
                <line number="13" hits="5" branch="False" />
                <line number="14" hits="5" branch="False" />
                <line number="15" hits="5" branch="False" />
                <line number="16" hits="5" branch="False" />
              </lines>
            </method>
            <method name="Evaluate" signature="(ProcessDelivery.Domain.Models.Book,System.DateTime)" line-rate="1" branch-rate="1" complexity="1">
              <lines>
                <line number="19" hits="1" branch="False" />
                <line number="20" hits="1" branch="False" />
                <line number="21" hits="1" branch="False" />
                <line number="22" hits="1" branch="False" />
                <line number="23" hits="1" branch="False" />
                <line number="24" hits="1" branch="False" />
                <line number="25" hits="1" branch="False" />
              </lines>
            </method>
          </methods>
          <lines>
            <line number="11" hits="5" branch="False" />
            <line number="12" hits="5" branch="True" condition-coverage="87.5% (7/8)">
              <conditions>
                <condition number="30" type="jump" coverage="50%" />
                <condition number="54" type="jump" coverage="100%" />
                <condition number="70" type="jump" coverage="100%" />
                <condition number="86" type="jump" coverage="100%" />
              </conditions>
            </line>
            <line number="13" hits="5" branch="False" />
            <line number="14" hits="5" branch="False" />
            <line number="15" hits="5" branch="False" />
            <line number="16" hits="5" branch="False" />
            <line number="19" hits="1" branch="False" />
            <line number="20" hits="1" branch="False" />
            <line number="21" hits="1" branch="False" />
            <line number="22" hits="1" branch="False" />
            <line number="23" hits="1" branch="False" />
            <line number="24" hits="1" branch="False" />
            <line number="25" hits="1" branch="False" />
          </lines>
        </class>
        <class name="ProcessDelivery.Application.RiskStrategies.EarlyThenOnTimeStrategy" filename="ProcessDelivery\RiskStrategies\EarlyThenOnTimeStrategy.cs" line-rate="1" branch-rate="0.875" complexity="9">
          <methods>
            <method name="IsMatch" signature="(ProcessDelivery.Domain.Models.Book,System.DateTime)" line-rate="1" branch-rate="0.875" complexity="8">
              <lines>
                <line number="11" hits="3" branch="False" />
                <line number="12" hits="3" branch="True" condition-coverage="87.5% (7/8)">
                  <conditions>
                    <condition number="15" type="jump" coverage="100%" />
                    <condition number="31" type="jump" coverage="100%" />
                    <condition number="62" type="jump" coverage="50%" />
                    <condition number="86" type="jump" coverage="100%" />
                  </conditions>
                </line>
                <line number="13" hits="3" branch="False" />
                <line number="14" hits="3" branch="False" />
                <line number="15" hits="3" branch="False" />
                <line number="16" hits="3" branch="False" />
              </lines>
            </method>
            <method name="Evaluate" signature="(ProcessDelivery.Domain.Models.Book,System.DateTime)" line-rate="1" branch-rate="1" complexity="1">
              <lines>
                <line number="19" hits="1" branch="False" />
                <line number="20" hits="1" branch="False" />
                <line number="21" hits="1" branch="False" />
                <line number="22" hits="1" branch="False" />
                <line number="23" hits="1" branch="False" />
                <line number="24" hits="1" branch="False" />
                <line number="25" hits="1" branch="False" />
              </lines>
            </method>
          </methods>
          <lines>
            <line number="11" hits="3" branch="False" />
            <line number="12" hits="3" branch="True" condition-coverage="87.5% (7/8)">
              <conditions>
                <condition number="15" type="jump" coverage="100%" />
                <condition number="31" type="jump" coverage="100%" />
                <condition number="62" type="jump" coverage="50%" />
                <condition number="86" type="jump" coverage="100%" />
              </conditions>
            </line>
            <line number="13" hits="3" branch="False" />
            <line number="14" hits="3" branch="False" />
            <line number="15" hits="3" branch="False" />
            <line number="16" hits="3" branch="False" />
            <line number="19" hits="1" branch="False" />
            <line number="20" hits="1" branch="False" />
            <line number="21" hits="1" branch="False" />
            <line number="22" hits="1" branch="False" />
            <line number="23" hits="1" branch="False" />
            <line number="24" hits="1" branch="False" />
            <line number="25" hits="1" branch="False" />
          </lines>
        </class>
        <class name="ProcessDelivery.Application.RiskStrategies.InitialReturnStrategy" filename="ProcessDelivery\RiskStrategies\InitialReturnStrategy.cs" line-rate="1" branch-rate="1" complexity="6">
          <methods>
            <method name="IsMatch" signature="(ProcessDelivery.Domain.Models.Book,System.DateTime)" line-rate="1" branch-rate="1" complexity="2">
              <lines>
                <line number="11" hits="8" branch="False" />
                <line number="12" hits="8" branch="True" condition-coverage="100% (2/2)">
                  <conditions>
                    <condition number="15" type="jump" coverage="100%" />
                  </conditions>
                </line>
                <line number="13" hits="8" branch="False" />
              </lines>
            </method>
            <method name="Evaluate" signature="(ProcessDelivery.Domain.Models.Book,System.DateTime)" line-rate="1" branch-rate="1" complexity="4">
              <lines>
                <line number="16" hits="6" branch="False" />
                <line number="17" hits="6" branch="True" condition-coverage="100% (2/2)">
                  <conditions>
                    <condition number="15" type="jump" coverage="100%" />
                  </conditions>
                </line>
                <line number="18" hits="2" branch="False" />
                <line number="19" hits="2" branch="False" />
                <line number="20" hits="2" branch="False" />
                <line number="21" hits="2" branch="False" />
                <line number="22" hits="2" branch="False" />
                <line number="24" hits="4" branch="True" condition-coverage="100% (2/2)">
                  <conditions>
                    <condition number="59" type="jump" coverage="100%" />
                  </conditions>
                </line>
                <line number="25" hits="2" branch="False" />
                <line number="26" hits="2" branch="False" />
                <line number="27" hits="2" branch="False" />
                <line number="28" hits="2" branch="False" />
                <line number="29" hits="2" branch="False" />
                <line number="31" hits="2" branch="False" />
                <line number="32" hits="2" branch="False" />
                <line number="33" hits="2" branch="False" />
                <line number="34" hits="2" branch="False" />
                <line number="35" hits="2" branch="False" />
                <line number="36" hits="6" branch="False" />
              </lines>
            </method>
          </methods>
          <lines>
            <line number="11" hits="8" branch="False" />
            <line number="12" hits="8" branch="True" condition-coverage="100% (2/2)">
              <conditions>
                <condition number="15" type="jump" coverage="100%" />
              </conditions>
            </line>
            <line number="13" hits="8" branch="False" />
            <line number="16" hits="6" branch="False" />
            <line number="17" hits="6" branch="True" condition-coverage="100% (2/2)">
              <conditions>
                <condition number="15" type="jump" coverage="100%" />
              </conditions>
            </line>
            <line number="18" hits="2" branch="False" />
            <line number="19" hits="2" branch="False" />
            <line number="20" hits="2" branch="False" />
            <line number="21" hits="2" branch="False" />
            <line number="22" hits="2" branch="False" />
            <line number="24" hits="4" branch="True" condition-coverage="100% (2/2)">
              <conditions>
                <condition number="59" type="jump" coverage="100%" />
              </conditions>
            </line>
            <line number="25" hits="2" branch="False" />
            <line number="26" hits="2" branch="False" />
            <line number="27" hits="2" branch="False" />
            <line number="28" hits="2" branch="False" />
            <line number="29" hits="2" branch="False" />
            <line number="31" hits="2" branch="False" />
            <line number="32" hits="2" branch="False" />
            <line number="33" hits="2" branch="False" />
            <line number="34" hits="2" branch="False" />
            <line number="35" hits="2" branch="False" />
            <line number="36" hits="6" branch="False" />
          </lines>
        </class>
        <class name="ProcessDelivery.Application.RiskStrategies.LateThenEarlyStrategy" filename="ProcessDelivery\RiskStrategies\LateThenEarlyStrategy.cs" line-rate="1" branch-rate="0.875" complexity="9">
          <methods>
            <method name="IsMatch" signature="(ProcessDelivery.Domain.Models.Book,System.DateTime)" line-rate="1" branch-rate="0.875" complexity="8">
              <lines>
                <line number="11" hits="2" branch="False" />
                <line number="12" hits="2" branch="True" condition-coverage="87.5% (7/8)">
                  <conditions>
                    <condition number="15" type="jump" coverage="100%" />
                    <condition number="31" type="jump" coverage="100%" />
                    <condition number="62" type="jump" coverage="50%" />
                    <condition number="86" type="jump" coverage="100%" />
                  </conditions>
                </line>
                <line number="13" hits="2" branch="False" />
                <line number="14" hits="2" branch="False" />
                <line number="15" hits="2" branch="False" />
                <line number="16" hits="2" branch="False" />
              </lines>
            </method>
            <method name="Evaluate" signature="(ProcessDelivery.Domain.Models.Book,System.DateTime)" line-rate="1" branch-rate="1" complexity="1">
              <lines>
                <line number="19" hits="1" branch="False" />
                <line number="20" hits="1" branch="False" />
                <line number="21" hits="1" branch="False" />
                <line number="22" hits="1" branch="False" />
                <line number="23" hits="1" branch="False" />
                <line number="24" hits="1" branch="False" />
                <line number="25" hits="1" branch="False" />
              </lines>
            </method>
          </methods>
          <lines>
            <line number="11" hits="2" branch="False" />
            <line number="12" hits="2" branch="True" condition-coverage="87.5% (7/8)">
              <conditions>
                <condition number="15" type="jump" coverage="100%" />
                <condition number="31" type="jump" coverage="100%" />
                <condition number="62" type="jump" coverage="50%" />
                <condition number="86" type="jump" coverage="100%" />
              </conditions>
            </line>
            <line number="13" hits="2" branch="False" />
            <line number="14" hits="2" branch="False" />
            <line number="15" hits="2" branch="False" />
            <line number="16" hits="2" branch="False" />
            <line number="19" hits="1" branch="False" />
            <line number="20" hits="1" branch="False" />
            <line number="21" hits="1" branch="False" />
            <line number="22" hits="1" branch="False" />
            <line number="23" hits="1" branch="False" />
            <line number="24" hits="1" branch="False" />
            <line number="25" hits="1" branch="False" />
          </lines>
        </class>
        <class name="ProcessDelivery.Application.RiskStrategies.LateThenLateStrategy" filename="ProcessDelivery\RiskStrategies\LateThenLateStrategy.cs" line-rate="1" branch-rate="0.875" complexity="9">
          <methods>
            <method name="IsMatch" signature="(ProcessDelivery.Domain.Models.Book,System.DateTime)" line-rate="1" branch-rate="0.875" complexity="8">
              <lines>
                <line number="11" hits="3" branch="False" />
                <line number="12" hits="3" branch="True" condition-coverage="87.5% (7/8)">
                  <conditions>
                    <condition number="30" type="jump" coverage="50%" />
                    <condition number="54" type="jump" coverage="100%" />
                    <condition number="70" type="jump" coverage="100%" />
                    <condition number="86" type="jump" coverage="100%" />
                  </conditions>
                </line>
                <line number="13" hits="3" branch="False" />
                <line number="14" hits="3" branch="False" />
                <line number="15" hits="3" branch="False" />
                <line number="16" hits="3" branch="False" />
              </lines>
            </method>
            <method name="Evaluate" signature="(ProcessDelivery.Domain.Models.Book,System.DateTime)" line-rate="1" branch-rate="1" complexity="1">
              <lines>
                <line number="19" hits="2" branch="False" />
                <line number="20" hits="2" branch="False" />
                <line number="21" hits="2" branch="False" />
                <line number="22" hits="2" branch="False" />
                <line number="23" hits="2" branch="False" />
                <line number="24" hits="2" branch="False" />
                <line number="25" hits="2" branch="False" />
              </lines>
            </method>
          </methods>
          <lines>
            <line number="11" hits="3" branch="False" />
            <line number="12" hits="3" branch="True" condition-coverage="87.5% (7/8)">
              <conditions>
                <condition number="30" type="jump" coverage="50%" />
                <condition number="54" type="jump" coverage="100%" />
                <condition number="70" type="jump" coverage="100%" />
                <condition number="86" type="jump" coverage="100%" />
              </conditions>
            </line>
            <line number="13" hits="3" branch="False" />
            <line number="14" hits="3" branch="False" />
            <line number="15" hits="3" branch="False" />
            <line number="16" hits="3" branch="False" />
            <line number="19" hits="2" branch="False" />
            <line number="20" hits="2" branch="False" />
            <line number="21" hits="2" branch="False" />
            <line number="22" hits="2" branch="False" />
            <line number="23" hits="2" branch="False" />
            <line number="24" hits="2" branch="False" />
            <line number="25" hits="2" branch="False" />
          </lines>
        </class>
        <class name="ProcessDelivery.Application.RiskStrategies.LateThenOnTimeStrategy" filename="ProcessDelivery\RiskStrategies\LateThenOnTimeStrategy.cs" line-rate="1" branch-rate="0.875" complexity="9">
          <methods>
            <method name="IsMatch" signature="(ProcessDelivery.Domain.Models.Book,System.DateTime)" line-rate="1" branch-rate="0.875" complexity="8">
              <lines>
                <line number="11" hits="2" branch="False" />
                <line number="12" hits="2" branch="True" condition-coverage="87.5% (7/8)">
                  <conditions>
                    <condition number="30" type="jump" coverage="50%" />
                    <condition number="54" type="jump" coverage="100%" />
                    <condition number="70" type="jump" coverage="100%" />
                    <condition number="86" type="jump" coverage="100%" />
                  </conditions>
                </line>
                <line number="13" hits="2" branch="False" />
                <line number="14" hits="2" branch="False" />
                <line number="15" hits="2" branch="False" />
                <line number="16" hits="2" branch="False" />
              </lines>
            </method>
            <method name="Evaluate" signature="(ProcessDelivery.Domain.Models.Book,System.DateTime)" line-rate="1" branch-rate="1" complexity="1">
              <lines>
                <line number="19" hits="1" branch="False" />
                <line number="20" hits="1" branch="False" />
                <line number="21" hits="1" branch="False" />
                <line number="22" hits="1" branch="False" />
                <line number="23" hits="1" branch="False" />
                <line number="24" hits="1" branch="False" />
                <line number="25" hits="1" branch="False" />
              </lines>
            </method>
          </methods>
          <lines>
            <line number="11" hits="2" branch="False" />
            <line number="12" hits="2" branch="True" condition-coverage="87.5% (7/8)">
              <conditions>
                <condition number="30" type="jump" coverage="50%" />
                <condition number="54" type="jump" coverage="100%" />
                <condition number="70" type="jump" coverage="100%" />
                <condition number="86" type="jump" coverage="100%" />
              </conditions>
            </line>
            <line number="13" hits="2" branch="False" />
            <line number="14" hits="2" branch="False" />
            <line number="15" hits="2" branch="False" />
            <line number="16" hits="2" branch="False" />
            <line number="19" hits="1" branch="False" />
            <line number="20" hits="1" branch="False" />
            <line number="21" hits="1" branch="False" />
            <line number="22" hits="1" branch="False" />
            <line number="23" hits="1" branch="False" />
            <line number="24" hits="1" branch="False" />
            <line number="25" hits="1" branch="False" />
          </lines>
        </class>
        <class name="ProcessDelivery.Application.RiskStrategies.OnTimeTwiceStrategy" filename="ProcessDelivery\RiskStrategies\OnTimeTwiceStrategy.cs" line-rate="1" branch-rate="0.9166" complexity="12">
          <methods>
            <method name="IsMatch" signature="(ProcessDelivery.Domain.Models.Book,System.DateTime)" line-rate="1" branch-rate="0.875" complexity="8">
              <lines>
                <line number="11" hits="7" branch="False" />
                <line number="12" hits="7" branch="True" condition-coverage="87.5% (7/8)">
                  <conditions>
                    <condition number="29" type="jump" coverage="100%" />
                    <condition number="41" type="jump" coverage="50%" />
                    <condition number="65" type="jump" coverage="100%" />
                    <condition number="81" type="jump" coverage="100%" />
                  </conditions>
                </line>
                <line number="13" hits="7" branch="False" />
                <line number="14" hits="7" branch="False" />
                <line number="15" hits="7" branch="False" />
              </lines>
            </method>
            <method name="Evaluate" signature="(ProcessDelivery.Domain.Models.Book,System.DateTime)" line-rate="1" branch-rate="1" complexity="4">
              <lines>
                <line number="18" hits="3" branch="False" />
                <line number="19" hits="3" branch="True" condition-coverage="100% (2/2)">
                  <conditions>
                    <condition number="15" type="jump" coverage="100%" />
                  </conditions>
                </line>
                <line number="20" hits="1" branch="False" />
                <line number="21" hits="1" branch="False" />
                <line number="22" hits="1" branch="False" />
                <line number="23" hits="1" branch="False" />
                <line number="24" hits="1" branch="False" />
                <line number="25" hits="1" branch="False" />
                <line number="27" hits="2" branch="True" condition-coverage="100% (2/2)">
                  <conditions>
                    <condition number="60" type="jump" coverage="100%" />
                  </conditions>
                </line>
                <line number="28" hits="1" branch="False" />
                <line number="29" hits="1" branch="False" />
                <line number="30" hits="1" branch="False" />
                <line number="31" hits="1" branch="False" />
                <line number="32" hits="1" branch="False" />
                <line number="33" hits="1" branch="False" />
                <line number="36" hits="1" branch="False" />
                <line number="37" hits="1" branch="False" />
                <line number="38" hits="1" branch="False" />
                <line number="39" hits="1" branch="False" />
                <line number="40" hits="1" branch="False" />
                <line number="41" hits="1" branch="False" />
                <line number="43" hits="3" branch="False" />
              </lines>
            </method>
          </methods>
          <lines>
            <line number="11" hits="7" branch="False" />
            <line number="12" hits="7" branch="True" condition-coverage="87.5% (7/8)">
              <conditions>
                <condition number="29" type="jump" coverage="100%" />
                <condition number="41" type="jump" coverage="50%" />
                <condition number="65" type="jump" coverage="100%" />
                <condition number="81" type="jump" coverage="100%" />
              </conditions>
            </line>
            <line number="13" hits="7" branch="False" />
            <line number="14" hits="7" branch="False" />
            <line number="15" hits="7" branch="False" />
            <line number="18" hits="3" branch="False" />
            <line number="19" hits="3" branch="True" condition-coverage="100% (2/2)">
              <conditions>
                <condition number="15" type="jump" coverage="100%" />
              </conditions>
            </line>
            <line number="20" hits="1" branch="False" />
            <line number="21" hits="1" branch="False" />
            <line number="22" hits="1" branch="False" />
            <line number="23" hits="1" branch="False" />
            <line number="24" hits="1" branch="False" />
            <line number="25" hits="1" branch="False" />
            <line number="27" hits="2" branch="True" condition-coverage="100% (2/2)">
              <conditions>
                <condition number="60" type="jump" coverage="100%" />
              </conditions>
            </line>
            <line number="28" hits="1" branch="False" />
            <line number="29" hits="1" branch="False" />
            <line number="30" hits="1" branch="False" />
            <line number="31" hits="1" branch="False" />
            <line number="32" hits="1" branch="False" />
            <line number="33" hits="1" branch="False" />
            <line number="36" hits="1" branch="False" />
            <line number="37" hits="1" branch="False" />
            <line number="38" hits="1" branch="False" />
            <line number="39" hits="1" branch="False" />
            <line number="40" hits="1" branch="False" />
            <line number="41" hits="1" branch="False" />
            <line number="43" hits="3" branch="False" />
          </lines>
        </class>
      </classes>
    </package>
    <package name="ProcessDelivery.Domain" line-rate="1" branch-rate="1" complexity="6">
      <classes>
        <class name="ProcessDelivery.Domain.Models.Book" filename="ProcessDelivery.Domain\Models\Book.cs" line-rate="1" branch-rate="1" complexity="3">
          <methods>
            <method name="get_LastReturnedDate" signature="()" line-rate="1" branch-rate="1" complexity="1">
              <lines>
                <line number="5" hits="71" branch="False" />
              </lines>
            </method>
            <method name="get_LastDueDate" signature="()" line-rate="1" branch-rate="1" complexity="1">
              <lines>
                <line number="6" hits="77" branch="False" />
              </lines>
            </method>
            <method name="get_CurrentDueDate" signature="()" line-rate="1" branch-rate="1" complexity="1">
              <lines>
                <line number="7" hits="80" branch="False" />
              </lines>
            </method>
          </methods>
          <lines>
            <line number="5" hits="71" branch="False" />
            <line number="6" hits="77" branch="False" />
            <line number="7" hits="80" branch="False" />
          </lines>
        </class>
        <class name="ProcessDelivery.Domain.Models.RiskAssessmentResult" filename="ProcessDelivery.Domain\Models\RiskAssessmentResult.cs" line-rate="1" branch-rate="1" complexity="3">
          <methods>
            <method name="get_Level" signature="()" line-rate="1" branch-rate="1" complexity="1">
              <lines>
                <line number="12" hits="40" branch="False" />
              </lines>
            </method>
            <method name="get_Reason" signature="()" line-rate="1" branch-rate="1" complexity="1">
              <lines>
                <line number="13" hits="26" branch="False" />
              </lines>
            </method>
            <method name="ToString" signature="()" line-rate="1" branch-rate="1" complexity="1">
              <lines>
                <line number="14" hits="5" branch="False" />
              </lines>
            </method>
          </methods>
          <lines>
            <line number="12" hits="40" branch="False" />
            <line number="13" hits="26" branch="False" />
            <line number="14" hits="5" branch="False" />
          </lines>
        </class>
      </classes>
    </package>
    <package name="ProcessDelivery.Infrastructure" line-rate="0.88" branch-rate="0.7142000000000001" complexity="15">
      <classes>
        <class name="ProcessDelivery.Infrastructure.Services.OpenAIRiskService" filename="ProcessDelivery.Infrastructure\Services\OpenAIRiskService.cs" line-rate="1" branch-rate="1" complexity="1">
          <methods>
            <method name=".ctor" signature="(System.Net.Http.HttpClient,System.String)" line-rate="1" branch-rate="1" complexity="1">
              <lines>
                <line number="17" hits="2" branch="False" />
                <line number="18" hits="2" branch="False" />
                <line number="19" hits="2" branch="False" />
                <line number="20" hits="2" branch="False" />
                <line number="21" hits="2" branch="False" />
                <line number="22" hits="2" branch="False" />
              </lines>
            </method>
          </methods>
          <lines>
            <line number="17" hits="2" branch="False" />
            <line number="18" hits="2" branch="False" />
            <line number="19" hits="2" branch="False" />
            <line number="20" hits="2" branch="False" />
            <line number="21" hits="2" branch="False" />
            <line number="22" hits="2" branch="False" />
          </lines>
        </class>
        <class name="ProcessDelivery.Infrastructure.Services.OpenAIRiskService/&lt;PredictRisk&gt;d__3" filename="ProcessDelivery.Infrastructure\Services\OpenAIRiskService.cs" line-rate="0.8636" branch-rate="0.7142000000000001" complexity="14">
          <methods>
            <method name="MoveNext" signature="()" line-rate="0.8636" branch-rate="0.7142000000000001" complexity="14">
              <lines>
                <line number="25" hits="2" branch="False" />
                <line number="26" hits="2" branch="True" condition-coverage="75% (6/8)">
                  <conditions>
                    <condition number="77" type="jump" coverage="50%" />
                    <condition number="103" type="jump" coverage="100%" />
                    <condition number="152" type="jump" coverage="50%" />
                    <condition number="178" type="jump" coverage="100%" />
                  </conditions>
                </line>
                <line number="27" hits="2" branch="False" />
                <line number="28" hits="2" branch="False" />
                <line number="29" hits="2" branch="False" />
                <line number="30" hits="2" branch="False" />
                <line number="31" hits="2" branch="False" />
                <line number="32" hits="2" branch="False" />
                <line number="33" hits="2" branch="False" />
                <line number="34" hits="2" branch="False" />
                <line number="36" hits="2" branch="False" />
                <line number="37" hits="2" branch="False" />
                <line number="38" hits="2" branch="False" />
                <line number="39" hits="2" branch="False" />
                <line number="40" hits="2" branch="False" />
                <line number="41" hits="2" branch="False" />
                <line number="42" hits="2" branch="False" />
                <line number="43" hits="2" branch="False" />
                <line number="44" hits="2" branch="False" />
                <line number="46" hits="2" branch="False" />
                <line number="47" hits="2" branch="False" />
                <line number="48" hits="2" branch="False" />
                <line number="50" hits="2" branch="True" condition-coverage="100% (2/2)">
                  <conditions>
                    <condition number="697" type="jump" coverage="100%" />
                  </conditions>
                </line>
                <line number="51" hits="1" branch="False" />
                <line number="52" hits="1" branch="False" />
                <line number="53" hits="0" branch="False" />
                <line number="54" hits="0" branch="False" />
                <line number="55" hits="0" branch="False" />
                <line number="56" hits="0" branch="False" />
                <line number="57" hits="0" branch="False" />
                <line number="60" hits="1" branch="False" />
                <line number="61" hits="1" branch="False" />
                <line number="62" hits="1" branch="False" />
                <line number="63" hits="1" branch="False" />
                <line number="64" hits="1" branch="False" />
                <line number="67" hits="1" branch="False" />
                <line number="68" hits="2" branch="True" condition-coverage="50% (1/2)">
                  <conditions>
                    <condition number="878" type="jump" coverage="50%" />
                  </conditions>
                </line>
                <line number="69" hits="0" branch="True" condition-coverage="50% (1/2)">
                  <conditions>
                    <condition number="909" type="jump" coverage="50%" />
                  </conditions>
                </line>
                <line number="71" hits="1" branch="False" />
                <line number="72" hits="1" branch="False" />
                <line number="73" hits="1" branch="False" />
                <line number="74" hits="1" branch="False" />
                <line number="75" hits="1" branch="False" />
                <line number="76" hits="1" branch="False" />
              </lines>
            </method>
          </methods>
          <lines>
            <line number="25" hits="2" branch="False" />
            <line number="26" hits="2" branch="True" condition-coverage="75% (6/8)">
              <conditions>
                <condition number="77" type="jump" coverage="50%" />
                <condition number="103" type="jump" coverage="100%" />
                <condition number="152" type="jump" coverage="50%" />
                <condition number="178" type="jump" coverage="100%" />
              </conditions>
            </line>
            <line number="27" hits="2" branch="False" />
            <line number="28" hits="2" branch="False" />
            <line number="29" hits="2" branch="False" />
            <line number="30" hits="2" branch="False" />
            <line number="31" hits="2" branch="False" />
            <line number="32" hits="2" branch="False" />
            <line number="33" hits="2" branch="False" />
            <line number="34" hits="2" branch="False" />
            <line number="36" hits="2" branch="False" />
            <line number="37" hits="2" branch="False" />
            <line number="38" hits="2" branch="False" />
            <line number="39" hits="2" branch="False" />
            <line number="40" hits="2" branch="False" />
            <line number="41" hits="2" branch="False" />
            <line number="42" hits="2" branch="False" />
            <line number="43" hits="2" branch="False" />
            <line number="44" hits="2" branch="False" />
            <line number="46" hits="2" branch="False" />
            <line number="47" hits="2" branch="False" />
            <line number="48" hits="2" branch="False" />
            <line number="50" hits="2" branch="True" condition-coverage="100% (2/2)">
              <conditions>
                <condition number="697" type="jump" coverage="100%" />
              </conditions>
            </line>
            <line number="51" hits="1" branch="False" />
            <line number="52" hits="1" branch="False" />
            <line number="53" hits="0" branch="False" />
            <line number="54" hits="0" branch="False" />
            <line number="55" hits="0" branch="False" />
            <line number="56" hits="0" branch="False" />
            <line number="57" hits="0" branch="False" />
            <line number="60" hits="1" branch="False" />
            <line number="61" hits="1" branch="False" />
            <line number="62" hits="1" branch="False" />
            <line number="63" hits="1" branch="False" />
            <line number="64" hits="1" branch="False" />
            <line number="67" hits="1" branch="False" />
            <line number="68" hits="2" branch="True" condition-coverage="50% (1/2)">
              <conditions>
                <condition number="878" type="jump" coverage="50%" />
              </conditions>
            </line>
            <line number="69" hits="0" branch="True" condition-coverage="50% (1/2)">
              <conditions>
                <condition number="909" type="jump" coverage="50%" />
              </conditions>
            </line>
            <line number="71" hits="1" branch="False" />
            <line number="72" hits="1" branch="False" />
            <line number="73" hits="1" branch="False" />
            <line number="74" hits="1" branch="False" />
            <line number="75" hits="1" branch="False" />
            <line number="76" hits="1" branch="False" />
          </lines>
        </class>
      </classes>
    </package>
  </packages>
</coverage>