<?xml version="1.0" encoding="utf-8"?>
<coverage line-rate="1" branch-rate="0.9" version="1.9" timestamp="1743372655" lines-covered="239" lines-valid="239" branches-covered="81" branches-valid="90">
  <sources>
    <source>C:\Users\rambu\OneDrive\Documents\Code\refactor-me-master\</source>
  </sources>
  <packages>
    <package name="ProcessDelivery.Application" line-rate="1" branch-rate="0.8946999999999999" complexity="83">
      <classes>
        <class name="ProcessDelivery.Application.LibraryManager" filename="ProcessDelivery\LibraryManager.cs" line-rate="1" branch-rate="1" complexity="1">
          <methods>
            <method name=".ctor" signature="(ProcessDelivery.Domain.Interfaces.IAIRiskService)" line-rate="1" branch-rate="1" complexity="1">
              <lines>
                <line number="17" hits="10" branch="False" />
                <line number="18" hits="10" branch="False" />
                <line number="19" hits="10" branch="False" />
                <line number="20" hits="10" branch="False" />
                <line number="21" hits="10" branch="False" />
                <line number="22" hits="10" branch="False" />
                <line number="23" hits="10" branch="False" />
                <line number="24" hits="10" branch="False" />
                <line number="25" hits="10" branch="False" />
                <line number="26" hits="10" branch="False" />
                <line number="27" hits="10" branch="False" />
                <line number="28" hits="10" branch="False" />
                <line number="29" hits="10" branch="False" />
                <line number="30" hits="10" branch="False" />
                <line number="31" hits="10" branch="False" />
              </lines>
            </method>
          </methods>
          <lines>
            <line number="17" hits="10" branch="False" />
            <line number="18" hits="10" branch="False" />
            <line number="19" hits="10" branch="False" />
            <line number="20" hits="10" branch="False" />
            <line number="21" hits="10" branch="False" />
            <line number="22" hits="10" branch="False" />
            <line number="23" hits="10" branch="False" />
            <line number="24" hits="10" branch="False" />
            <line number="25" hits="10" branch="False" />
            <line number="26" hits="10" branch="False" />
            <line number="27" hits="10" branch="False" />
            <line number="28" hits="10" branch="False" />
            <line number="29" hits="10" branch="False" />
            <line number="30" hits="10" branch="False" />
            <line number="31" hits="10" branch="False" />
          </lines>
        </class>
        <class name="ProcessDelivery.Application.LibraryManager/&lt;&gt;c__DisplayClass3_0" filename="ProcessDelivery\LibraryManager.cs" line-rate="1" branch-rate="1" complexity="1">
          <methods>
            <method name="&lt;ReturnBook&gt;b__0" signature="(ProcessDelivery.Domain.Interfaces.IRiskStrategy)" line-rate="1" branch-rate="1" complexity="1">
              <lines>
                <line number="40" hits="28" branch="False" />
              </lines>
            </method>
          </methods>
          <lines>
            <line number="40" hits="28" branch="False" />
          </lines>
        </class>
        <class name="ProcessDelivery.Application.LibraryManager/&lt;ReturnBook&gt;d__3" filename="ProcessDelivery\LibraryManager.cs" line-rate="1" branch-rate="0.8332999999999999" complexity="6">
          <methods>
            <method name="MoveNext" signature="()" line-rate="1" branch-rate="0.8332999999999999" complexity="6">
              <lines>
                <line number="34" hits="8" branch="False" />
                <line number="36" hits="8" branch="False" />
                <line number="37" hits="8" branch="True" condition-coverage="100% (2/2)">
                  <conditions>
                    <condition number="88" type="jump" coverage="100%" />
                  </conditions>
                </line>
                <line number="38" hits="1" branch="False" />
                <line number="42" hits="7" branch="True" condition-coverage="75% (3/4)">
                  <conditions>
                    <condition number="151" type="jump" coverage="50%" />
                    <condition number="189" type="jump" coverage="100%" />
                  </conditions>
                </line>
                <line number="43" hits="4" branch="False" />
                <line number="44" hits="4" branch="False" />
                <line number="45" hits="4" branch="False" />
                <line number="49" hits="3" branch="False" />
                <line number="50" hits="1" branch="False" />
                <line number="52" hits="1" branch="False" />
                <line number="53" hits="1" branch="False" />
                <line number="54" hits="1" branch="False" />
                <line number="56" hits="1" branch="False" />
                <line number="57" hits="1" branch="False" />
                <line number="58" hits="1" branch="False" />
                <line number="60" hits="1" branch="False" />
                <line number="61" hits="1" branch="False" />
                <line number="62" hits="1" branch="False" />
                <line number="64" hits="5" branch="False" />
              </lines>
            </method>
          </methods>
          <lines>
            <line number="34" hits="8" branch="False" />
            <line number="36" hits="8" branch="False" />
            <line number="37" hits="8" branch="True" condition-coverage="100% (2/2)">
              <conditions>
                <condition number="88" type="jump" coverage="100%" />
              </conditions>
            </line>
            <line number="38" hits="1" branch="False" />
            <line number="42" hits="7" branch="True" condition-coverage="75% (3/4)">
              <conditions>
                <condition number="151" type="jump" coverage="50%" />
                <condition number="189" type="jump" coverage="100%" />
              </conditions>
            </line>
            <line number="43" hits="4" branch="False" />
            <line number="44" hits="4" branch="False" />
            <line number="45" hits="4" branch="False" />
            <line number="49" hits="3" branch="False" />
            <line number="50" hits="1" branch="False" />
            <line number="52" hits="1" branch="False" />
            <line number="53" hits="1" branch="False" />
            <line number="54" hits="1" branch="False" />
            <line number="56" hits="1" branch="False" />
            <line number="57" hits="1" branch="False" />
            <line number="58" hits="1" branch="False" />
            <line number="60" hits="1" branch="False" />
            <line number="61" hits="1" branch="False" />
            <line number="62" hits="1" branch="False" />
            <line number="64" hits="5" branch="False" />
          </lines>
        </class>
        <class name="ProcessDelivery.Application.RiskStrategies.EarlyThenEarlyStrategy" filename="ProcessDelivery\RiskStrategies\EarlyThenEarlyStrategy.cs" line-rate="1" branch-rate="0.9166" complexity="12">
          <methods>
            <method name="IsMatch" signature="(ProcessDelivery.Domain.Models.Book,System.DateTime)" line-rate="1" branch-rate="0.875" complexity="8">
              <lines>
                <line number="11" hits="6" branch="False" />
                <line number="12" hits="6" branch="True" condition-coverage="87.5% (7/8)">
                  <conditions>
                    <condition number="30" type="jump" coverage="50%" />
                    <condition number="54" type="jump" coverage="100%" />
                    <condition number="70" type="jump" coverage="100%" />
                    <condition number="86" type="jump" coverage="100%" />
                  </conditions>
                </line>
                <line number="13" hits="6" branch="False" />
                <line number="14" hits="6" branch="False" />
                <line number="15" hits="6" branch="False" />
                <line number="16" hits="6" branch="False" />
              </lines>
            </method>
            <method name="Evaluate" signature="(ProcessDelivery.Domain.Models.Book,System.DateTime)" line-rate="1" branch-rate="1" complexity="4">
              <lines>
                <line number="19" hits="3" branch="False" />
                <line number="20" hits="3" branch="True" condition-coverage="100% (2/2)">
                  <conditions>
                    <condition number="15" type="jump" coverage="100%" />
                  </conditions>
                </line>
                <line number="21" hits="1" branch="False" />
                <line number="22" hits="1" branch="False" />
                <line number="23" hits="1" branch="False" />
                <line number="24" hits="1" branch="False" />
                <line number="25" hits="1" branch="False" />
                <line number="26" hits="1" branch="False" />
                <line number="28" hits="2" branch="True" condition-coverage="100% (2/2)">
                  <conditions>
                    <condition number="60" type="jump" coverage="100%" />
                  </conditions>
                </line>
                <line number="29" hits="1" branch="False" />
                <line number="30" hits="1" branch="False" />
                <line number="31" hits="1" branch="False" />
                <line number="32" hits="1" branch="False" />
                <line number="33" hits="1" branch="False" />
                <line number="34" hits="1" branch="False" />
                <line number="37" hits="1" branch="False" />
                <line number="38" hits="1" branch="False" />
                <line number="39" hits="1" branch="False" />
                <line number="40" hits="1" branch="False" />
                <line number="41" hits="1" branch="False" />
                <line number="42" hits="1" branch="False" />
                <line number="44" hits="3" branch="False" />
              </lines>
            </method>
          </methods>
          <lines>
            <line number="11" hits="6" branch="False" />
            <line number="12" hits="6" branch="True" condition-coverage="87.5% (7/8)">
              <conditions>
                <condition number="30" type="jump" coverage="50%" />
                <condition number="54" type="jump" coverage="100%" />
                <condition number="70" type="jump" coverage="100%" />
                <condition number="86" type="jump" coverage="100%" />
              </conditions>
            </line>
            <line number="13" hits="6" branch="False" />
            <line number="14" hits="6" branch="False" />
            <line number="15" hits="6" branch="False" />
            <line number="16" hits="6" branch="False" />
            <line number="19" hits="3" branch="False" />
            <line number="20" hits="3" branch="True" condition-coverage="100% (2/2)">
              <conditions>
                <condition number="15" type="jump" coverage="100%" />
              </conditions>
            </line>
            <line number="21" hits="1" branch="False" />
            <line number="22" hits="1" branch="False" />
            <line number="23" hits="1" branch="False" />
            <line number="24" hits="1" branch="False" />
            <line number="25" hits="1" branch="False" />
            <line number="26" hits="1" branch="False" />
            <line number="28" hits="2" branch="True" condition-coverage="100% (2/2)">
              <conditions>
                <condition number="60" type="jump" coverage="100%" />
              </conditions>
            </line>
            <line number="29" hits="1" branch="False" />
            <line number="30" hits="1" branch="False" />
            <line number="31" hits="1" branch="False" />
            <line number="32" hits="1" branch="False" />
            <line number="33" hits="1" branch="False" />
            <line number="34" hits="1" branch="False" />
            <line number="37" hits="1" branch="False" />
            <line number="38" hits="1" branch="False" />
            <line number="39" hits="1" branch="False" />
            <line number="40" hits="1" branch="False" />
            <line number="41" hits="1" branch="False" />
            <line number="42" hits="1" branch="False" />
            <line number="44" hits="3" branch="False" />
          </lines>
        </class>
        <class name="ProcessDelivery.Application.RiskStrategies.EarlyThenLateStrategy" filename="ProcessDelivery\RiskStrategies\EarlyThenLateStrategy.cs" line-rate="1" branch-rate="0.875" complexity="9">
          <methods>
            <method name="IsMatch" signature="(ProcessDelivery.Domain.Models.Book,System.DateTime)" line-rate="1" branch-rate="0.875" complexity="8">
              <lines>
                <line number="11" hits="6" branch="False" />
                <line number="12" hits="6" branch="True" condition-coverage="87.5% (7/8)">
                  <conditions>
                    <condition number="30" type="jump" coverage="50%" />
                    <condition number="54" type="jump" coverage="100%" />
                    <condition number="70" type="jump" coverage="100%" />
                    <condition number="86" type="jump" coverage="100%" />
                  </conditions>
                </line>
                <line number="13" hits="6" branch="False" />
                <line number="14" hits="6" branch="False" />
                <line number="15" hits="6" branch="False" />
                <line number="16" hits="6" branch="False" />
              </lines>
            </method>
            <method name="Evaluate" signature="(ProcessDelivery.Domain.Models.Book,System.DateTime)" line-rate="1" branch-rate="1" complexity="1">
              <lines>
                <line number="19" hits="1" branch="False" />
                <line number="20" hits="1" branch="False" />
                <line number="21" hits="1" branch="False" />
                <line number="22" hits="1" branch="False" />
                <line number="23" hits="1" branch="False" />
                <line number="24" hits="1" branch="False" />
                <line number="25" hits="1" branch="False" />
              </lines>
            </method>
          </methods>
          <lines>
            <line number="11" hits="6" branch="False" />
            <line number="12" hits="6" branch="True" condition-coverage="87.5% (7/8)">
              <conditions>
                <condition number="30" type="jump" coverage="50%" />
                <condition number="54" type="jump" coverage="100%" />
                <condition number="70" type="jump" coverage="100%" />
                <condition number="86" type="jump" coverage="100%" />
              </conditions>
            </line>
            <line number="13" hits="6" branch="False" />
            <line number="14" hits="6" branch="False" />
            <line number="15" hits="6" branch="False" />
            <line number="16" hits="6" branch="False" />
            <line number="19" hits="1" branch="False" />
            <line number="20" hits="1" branch="False" />
            <line number="21" hits="1" branch="False" />
            <line number="22" hits="1" branch="False" />
            <line number="23" hits="1" branch="False" />
            <line number="24" hits="1" branch="False" />
            <line number="25" hits="1" branch="False" />
          </lines>
        </class>
        <class name="ProcessDelivery.Application.RiskStrategies.EarlyThenOnTimeStrategy" filename="ProcessDelivery\RiskStrategies\EarlyThenOnTimeStrategy.cs" line-rate="1" branch-rate="0.875" complexity="9">
          <methods>
            <method name="IsMatch" signature="(ProcessDelivery.Domain.Models.Book,System.DateTime)" line-rate="1" branch-rate="0.875" complexity="8">
              <lines>
                <line number="11" hits="3" branch="False" />
                <line number="12" hits="3" branch="True" condition-coverage="87.5% (7/8)">
                  <conditions>
                    <condition number="15" type="jump" coverage="100%" />
                    <condition number="31" type="jump" coverage="100%" />
                    <condition number="62" type="jump" coverage="50%" />
                    <condition number="86" type="jump" coverage="100%" />
                  </conditions>
                </line>
                <line number="13" hits="3" branch="False" />
                <line number="14" hits="3" branch="False" />
                <line number="15" hits="3" branch="False" />
                <line number="16" hits="3" branch="False" />
              </lines>
            </method>
            <method name="Evaluate" signature="(ProcessDelivery.Domain.Models.Book,System.DateTime)" line-rate="1" branch-rate="1" complexity="1">
              <lines>
                <line number="19" hits="1" branch="False" />
                <line number="20" hits="1" branch="False" />
                <line number="21" hits="1" branch="False" />
                <line number="22" hits="1" branch="False" />
                <line number="23" hits="1" branch="False" />
                <line number="24" hits="1" branch="False" />
                <line number="25" hits="1" branch="False" />
              </lines>
            </method>
          </methods>
          <lines>
            <line number="11" hits="3" branch="False" />
            <line number="12" hits="3" branch="True" condition-coverage="87.5% (7/8)">
              <conditions>
                <condition number="15" type="jump" coverage="100%" />
                <condition number="31" type="jump" coverage="100%" />
                <condition number="62" type="jump" coverage="50%" />
                <condition number="86" type="jump" coverage="100%" />
              </conditions>
            </line>
            <line number="13" hits="3" branch="False" />
            <line number="14" hits="3" branch="False" />
            <line number="15" hits="3" branch="False" />
            <line number="16" hits="3" branch="False" />
            <line number="19" hits="1" branch="False" />
            <line number="20" hits="1" branch="False" />
            <line number="21" hits="1" branch="False" />
            <line number="22" hits="1" branch="False" />
            <line number="23" hits="1" branch="False" />
            <line number="24" hits="1" branch="False" />
            <line number="25" hits="1" branch="False" />
          </lines>
        </class>
        <class name="ProcessDelivery.Application.RiskStrategies.InitialReturnStrategy" filename="ProcessDelivery\RiskStrategies\InitialReturnStrategy.cs" line-rate="1" branch-rate="1" complexity="6">
          <methods>
            <method name="IsMatch" signature="(ProcessDelivery.Domain.Models.Book,System.DateTime)" line-rate="1" branch-rate="1" complexity="2">
              <lines>
                <line number="11" hits="9" branch="False" />
                <line number="12" hits="9" branch="True" condition-coverage="100% (2/2)">
                  <conditions>
                    <condition number="15" type="jump" coverage="100%" />
                  </conditions>
                </line>
                <line number="13" hits="9" branch="False" />
              </lines>
            </method>
            <method name="Evaluate" signature="(ProcessDelivery.Domain.Models.Book,System.DateTime)" line-rate="1" branch-rate="1" complexity="4">
              <lines>
                <line number="16" hits="6" branch="False" />
                <line number="17" hits="6" branch="True" condition-coverage="100% (2/2)">
                  <conditions>
                    <condition number="15" type="jump" coverage="100%" />
                  </conditions>
                </line>
                <line number="18" hits="2" branch="False" />
                <line number="19" hits="2" branch="False" />
                <line number="20" hits="2" branch="False" />
                <line number="21" hits="2" branch="False" />
                <line number="22" hits="2" branch="False" />
                <line number="24" hits="4" branch="True" condition-coverage="100% (2/2)">
                  <conditions>
                    <condition number="59" type="jump" coverage="100%" />
                  </conditions>
                </line>
                <line number="25" hits="2" branch="False" />
                <line number="26" hits="2" branch="False" />
                <line number="27" hits="2" branch="False" />
                <line number="28" hits="2" branch="False" />
                <line number="29" hits="2" branch="False" />
                <line number="31" hits="2" branch="False" />
                <line number="32" hits="2" branch="False" />
                <line number="33" hits="2" branch="False" />
                <line number="34" hits="2" branch="False" />
                <line number="35" hits="2" branch="False" />
                <line number="36" hits="6" branch="False" />
              </lines>
            </method>
          </methods>
          <lines>
            <line number="11" hits="9" branch="False" />
            <line number="12" hits="9" branch="True" condition-coverage="100% (2/2)">
              <conditions>
                <condition number="15" type="jump" coverage="100%" />
              </conditions>
            </line>
            <line number="13" hits="9" branch="False" />
            <line number="16" hits="6" branch="False" />
            <line number="17" hits="6" branch="True" condition-coverage="100% (2/2)">
              <conditions>
                <condition number="15" type="jump" coverage="100%" />
              </conditions>
            </line>
            <line number="18" hits="2" branch="False" />
            <line number="19" hits="2" branch="False" />
            <line number="20" hits="2" branch="False" />
            <line number="21" hits="2" branch="False" />
            <line number="22" hits="2" branch="False" />
            <line number="24" hits="4" branch="True" condition-coverage="100% (2/2)">
              <conditions>
                <condition number="59" type="jump" coverage="100%" />
              </conditions>
            </line>
            <line number="25" hits="2" branch="False" />
            <line number="26" hits="2" branch="False" />
            <line number="27" hits="2" branch="False" />
            <line number="28" hits="2" branch="False" />
            <line number="29" hits="2" branch="False" />
            <line number="31" hits="2" branch="False" />
            <line number="32" hits="2" branch="False" />
            <line number="33" hits="2" branch="False" />
            <line number="34" hits="2" branch="False" />
            <line number="35" hits="2" branch="False" />
            <line number="36" hits="6" branch="False" />
          </lines>
        </class>
        <class name="ProcessDelivery.Application.RiskStrategies.LateThenEarlyStrategy" filename="ProcessDelivery\RiskStrategies\LateThenEarlyStrategy.cs" line-rate="1" branch-rate="0.875" complexity="9">
          <methods>
            <method name="IsMatch" signature="(ProcessDelivery.Domain.Models.Book,System.DateTime)" line-rate="1" branch-rate="0.875" complexity="8">
              <lines>
                <line number="11" hits="2" branch="False" />
                <line number="12" hits="2" branch="True" condition-coverage="87.5% (7/8)">
                  <conditions>
                    <condition number="15" type="jump" coverage="100%" />
                    <condition number="31" type="jump" coverage="100%" />
                    <condition number="62" type="jump" coverage="50%" />
                    <condition number="86" type="jump" coverage="100%" />
                  </conditions>
                </line>
                <line number="13" hits="2" branch="False" />
                <line number="14" hits="2" branch="False" />
                <line number="15" hits="2" branch="False" />
                <line number="16" hits="2" branch="False" />
              </lines>
            </method>
            <method name="Evaluate" signature="(ProcessDelivery.Domain.Models.Book,System.DateTime)" line-rate="1" branch-rate="1" complexity="1">
              <lines>
                <line number="19" hits="1" branch="False" />
                <line number="20" hits="1" branch="False" />
                <line number="21" hits="1" branch="False" />
                <line number="22" hits="1" branch="False" />
                <line number="23" hits="1" branch="False" />
                <line number="24" hits="1" branch="False" />
                <line number="25" hits="1" branch="False" />
              </lines>
            </method>
          </methods>
          <lines>
            <line number="11" hits="2" branch="False" />
            <line number="12" hits="2" branch="True" condition-coverage="87.5% (7/8)">
              <conditions>
                <condition number="15" type="jump" coverage="100%" />
                <condition number="31" type="jump" coverage="100%" />
                <condition number="62" type="jump" coverage="50%" />
                <condition number="86" type="jump" coverage="100%" />
              </conditions>
            </line>
            <line number="13" hits="2" branch="False" />
            <line number="14" hits="2" branch="False" />
            <line number="15" hits="2" branch="False" />
            <line number="16" hits="2" branch="False" />
            <line number="19" hits="1" branch="False" />
            <line number="20" hits="1" branch="False" />
            <line number="21" hits="1" branch="False" />
            <line number="22" hits="1" branch="False" />
            <line number="23" hits="1" branch="False" />
            <line number="24" hits="1" branch="False" />
            <line number="25" hits="1" branch="False" />
          </lines>
        </class>
        <class name="ProcessDelivery.Application.RiskStrategies.LateThenLateStrategy" filename="ProcessDelivery\RiskStrategies\LateThenLateStrategy.cs" line-rate="1" branch-rate="0.875" complexity="9">
          <methods>
            <method name="IsMatch" signature="(ProcessDelivery.Domain.Models.Book,System.DateTime)" line-rate="1" branch-rate="0.875" complexity="8">
              <lines>
                <line number="11" hits="3" branch="False" />
                <line number="12" hits="3" branch="True" condition-coverage="87.5% (7/8)">
                  <conditions>
                    <condition number="30" type="jump" coverage="50%" />
                    <condition number="54" type="jump" coverage="100%" />
                    <condition number="70" type="jump" coverage="100%" />
                    <condition number="86" type="jump" coverage="100%" />
                  </conditions>
                </line>
                <line number="13" hits="3" branch="False" />
                <line number="14" hits="3" branch="False" />
                <line number="15" hits="3" branch="False" />
                <line number="16" hits="3" branch="False" />
              </lines>
            </method>
            <method name="Evaluate" signature="(ProcessDelivery.Domain.Models.Book,System.DateTime)" line-rate="1" branch-rate="1" complexity="1">
              <lines>
                <line number="19" hits="2" branch="False" />
                <line number="20" hits="2" branch="False" />
                <line number="21" hits="2" branch="False" />
                <line number="22" hits="2" branch="False" />
                <line number="23" hits="2" branch="False" />
                <line number="24" hits="2" branch="False" />
                <line number="25" hits="2" branch="False" />
              </lines>
            </method>
          </methods>
          <lines>
            <line number="11" hits="3" branch="False" />
            <line number="12" hits="3" branch="True" condition-coverage="87.5% (7/8)">
              <conditions>
                <condition number="30" type="jump" coverage="50%" />
                <condition number="54" type="jump" coverage="100%" />
                <condition number="70" type="jump" coverage="100%" />
                <condition number="86" type="jump" coverage="100%" />
              </conditions>
            </line>
            <line number="13" hits="3" branch="False" />
            <line number="14" hits="3" branch="False" />
            <line number="15" hits="3" branch="False" />
            <line number="16" hits="3" branch="False" />
            <line number="19" hits="2" branch="False" />
            <line number="20" hits="2" branch="False" />
            <line number="21" hits="2" branch="False" />
            <line number="22" hits="2" branch="False" />
            <line number="23" hits="2" branch="False" />
            <line number="24" hits="2" branch="False" />
            <line number="25" hits="2" branch="False" />
          </lines>
        </class>
        <class name="ProcessDelivery.Application.RiskStrategies.LateThenOnTimeStrategy" filename="ProcessDelivery\RiskStrategies\LateThenOnTimeStrategy.cs" line-rate="1" branch-rate="0.875" complexity="9">
          <methods>
            <method name="IsMatch" signature="(ProcessDelivery.Domain.Models.Book,System.DateTime)" line-rate="1" branch-rate="0.875" complexity="8">
              <lines>
                <line number="11" hits="2" branch="False" />
                <line number="12" hits="2" branch="True" condition-coverage="87.5% (7/8)">
                  <conditions>
                    <condition number="30" type="jump" coverage="50%" />
                    <condition number="54" type="jump" coverage="100%" />
                    <condition number="70" type="jump" coverage="100%" />
                    <condition number="86" type="jump" coverage="100%" />
                  </conditions>
                </line>
                <line number="13" hits="2" branch="False" />
                <line number="14" hits="2" branch="False" />
                <line number="15" hits="2" branch="False" />
                <line number="16" hits="2" branch="False" />
              </lines>
            </method>
            <method name="Evaluate" signature="(ProcessDelivery.Domain.Models.Book,System.DateTime)" line-rate="1" branch-rate="1" complexity="1">
              <lines>
                <line number="19" hits="1" branch="False" />
                <line number="20" hits="1" branch="False" />
                <line number="21" hits="1" branch="False" />
                <line number="22" hits="1" branch="False" />
                <line number="23" hits="1" branch="False" />
                <line number="24" hits="1" branch="False" />
                <line number="25" hits="1" branch="False" />
              </lines>
            </method>
          </methods>
          <lines>
            <line number="11" hits="2" branch="False" />
            <line number="12" hits="2" branch="True" condition-coverage="87.5% (7/8)">
              <conditions>
                <condition number="30" type="jump" coverage="50%" />
                <condition number="54" type="jump" coverage="100%" />
                <condition number="70" type="jump" coverage="100%" />
                <condition number="86" type="jump" coverage="100%" />
              </conditions>
            </line>
            <line number="13" hits="2" branch="False" />
            <line number="14" hits="2" branch="False" />
            <line number="15" hits="2" branch="False" />
            <line number="16" hits="2" branch="False" />
            <line number="19" hits="1" branch="False" />
            <line number="20" hits="1" branch="False" />
            <line number="21" hits="1" branch="False" />
            <line number="22" hits="1" branch="False" />
            <line number="23" hits="1" branch="False" />
            <line number="24" hits="1" branch="False" />
            <line number="25" hits="1" branch="False" />
          </lines>
        </class>
        <class name="ProcessDelivery.Application.RiskStrategies.OnTimeTwiceStrategy" filename="ProcessDelivery\RiskStrategies\OnTimeTwiceStrategy.cs" line-rate="1" branch-rate="0.9166" complexity="12">
          <methods>
            <method name="IsMatch" signature="(ProcessDelivery.Domain.Models.Book,System.DateTime)" line-rate="1" branch-rate="0.875" complexity="8">
              <lines>
                <line number="11" hits="8" branch="False" />
                <line number="12" hits="8" branch="True" condition-coverage="87.5% (7/8)">
                  <conditions>
                    <condition number="29" type="jump" coverage="100%" />
                    <condition number="41" type="jump" coverage="50%" />
                    <condition number="65" type="jump" coverage="100%" />
                    <condition number="81" type="jump" coverage="100%" />
                  </conditions>
                </line>
                <line number="13" hits="8" branch="False" />
                <line number="14" hits="8" branch="False" />
                <line number="15" hits="8" branch="False" />
              </lines>
            </method>
            <method name="Evaluate" signature="(ProcessDelivery.Domain.Models.Book,System.DateTime)" line-rate="1" branch-rate="1" complexity="4">
              <lines>
                <line number="18" hits="3" branch="False" />
                <line number="19" hits="3" branch="True" condition-coverage="100% (2/2)">
                  <conditions>
                    <condition number="15" type="jump" coverage="100%" />
                  </conditions>
                </line>
                <line number="20" hits="1" branch="False" />
                <line number="21" hits="1" branch="False" />
                <line number="22" hits="1" branch="False" />
                <line number="23" hits="1" branch="False" />
                <line number="24" hits="1" branch="False" />
                <line number="25" hits="1" branch="False" />
                <line number="27" hits="2" branch="True" condition-coverage="100% (2/2)">
                  <conditions>
                    <condition number="60" type="jump" coverage="100%" />
                  </conditions>
                </line>
                <line number="28" hits="1" branch="False" />
                <line number="29" hits="1" branch="False" />
                <line number="30" hits="1" branch="False" />
                <line number="31" hits="1" branch="False" />
                <line number="32" hits="1" branch="False" />
                <line number="33" hits="1" branch="False" />
                <line number="36" hits="1" branch="False" />
                <line number="37" hits="1" branch="False" />
                <line number="38" hits="1" branch="False" />
                <line number="39" hits="1" branch="False" />
                <line number="40" hits="1" branch="False" />
                <line number="41" hits="1" branch="False" />
                <line number="43" hits="3" branch="False" />
              </lines>
            </method>
          </methods>
          <lines>
            <line number="11" hits="8" branch="False" />
            <line number="12" hits="8" branch="True" condition-coverage="87.5% (7/8)">
              <conditions>
                <condition number="29" type="jump" coverage="100%" />
                <condition number="41" type="jump" coverage="50%" />
                <condition number="65" type="jump" coverage="100%" />
                <condition number="81" type="jump" coverage="100%" />
              </conditions>
            </line>
            <line number="13" hits="8" branch="False" />
            <line number="14" hits="8" branch="False" />
            <line number="15" hits="8" branch="False" />
            <line number="18" hits="3" branch="False" />
            <line number="19" hits="3" branch="True" condition-coverage="100% (2/2)">
              <conditions>
                <condition number="15" type="jump" coverage="100%" />
              </conditions>
            </line>
            <line number="20" hits="1" branch="False" />
            <line number="21" hits="1" branch="False" />
            <line number="22" hits="1" branch="False" />
            <line number="23" hits="1" branch="False" />
            <line number="24" hits="1" branch="False" />
            <line number="25" hits="1" branch="False" />
            <line number="27" hits="2" branch="True" condition-coverage="100% (2/2)">
              <conditions>
                <condition number="60" type="jump" coverage="100%" />
              </conditions>
            </line>
            <line number="28" hits="1" branch="False" />
            <line number="29" hits="1" branch="False" />
            <line number="30" hits="1" branch="False" />
            <line number="31" hits="1" branch="False" />
            <line number="32" hits="1" branch="False" />
            <line number="33" hits="1" branch="False" />
            <line number="36" hits="1" branch="False" />
            <line number="37" hits="1" branch="False" />
            <line number="38" hits="1" branch="False" />
            <line number="39" hits="1" branch="False" />
            <line number="40" hits="1" branch="False" />
            <line number="41" hits="1" branch="False" />
            <line number="43" hits="3" branch="False" />
          </lines>
        </class>
      </classes>
    </package>
    <package name="ProcessDelivery.Domain" line-rate="1" branch-rate="1" complexity="6">
      <classes>
        <class name="ProcessDelivery.Domain.Models.Book" filename="ProcessDelivery.Domain\Models\Book.cs" line-rate="1" branch-rate="1" complexity="3">
          <methods>
            <method name="get_LastReturnedDate" signature="()" line-rate="1" branch-rate="1" complexity="1">
              <lines>
                <line number="5" hits="80" branch="False" />
              </lines>
            </method>
            <method name="get_LastDueDate" signature="()" line-rate="1" branch-rate="1" complexity="1">
              <lines>
                <line number="6" hits="86" branch="False" />
              </lines>
            </method>
            <method name="get_CurrentDueDate" signature="()" line-rate="1" branch-rate="1" complexity="1">
              <lines>
                <line number="7" hits="86" branch="False" />
              </lines>
            </method>
          </methods>
          <lines>
            <line number="5" hits="80" branch="False" />
            <line number="6" hits="86" branch="False" />
            <line number="7" hits="86" branch="False" />
          </lines>
        </class>
        <class name="ProcessDelivery.Domain.Models.RiskAssessmentResult" filename="ProcessDelivery.Domain\Models\RiskAssessmentResult.cs" line-rate="1" branch-rate="1" complexity="3">
          <methods>
            <method name="get_Level" signature="()" line-rate="1" branch-rate="1" complexity="1">
              <lines>
                <line number="12" hits="44" branch="False" />
              </lines>
            </method>
            <method name="get_Reason" signature="()" line-rate="1" branch-rate="1" complexity="1">
              <lines>
                <line number="13" hits="30" branch="False" />
              </lines>
            </method>
            <method name="ToString" signature="()" line-rate="1" branch-rate="1" complexity="1">
              <lines>
                <line number="14" hits="5" branch="False" />
              </lines>
            </method>
          </methods>
          <lines>
            <line number="12" hits="44" branch="False" />
            <line number="13" hits="30" branch="False" />
            <line number="14" hits="5" branch="False" />
          </lines>
        </class>
      </classes>
    </package>
    <package name="ProcessDelivery.Infrastructure" line-rate="1" branch-rate="0.9285" complexity="15">
      <classes>
        <class name="ProcessDelivery.Infrastructure.Services.OpenAIRiskService" filename="ProcessDelivery.Infrastructure\Services\OpenAIRiskService.cs" line-rate="1" branch-rate="1" complexity="1">
          <methods>
            <method name=".ctor" signature="(System.Net.Http.HttpClient,System.String)" line-rate="1" branch-rate="1" complexity="1">
              <lines>
                <line number="17" hits="4" branch="False" />
                <line number="18" hits="4" branch="False" />
                <line number="19" hits="4" branch="False" />
                <line number="20" hits="4" branch="False" />
                <line number="21" hits="4" branch="False" />
                <line number="22" hits="4" branch="False" />
              </lines>
            </method>
          </methods>
          <lines>
            <line number="17" hits="4" branch="False" />
            <line number="18" hits="4" branch="False" />
            <line number="19" hits="4" branch="False" />
            <line number="20" hits="4" branch="False" />
            <line number="21" hits="4" branch="False" />
            <line number="22" hits="4" branch="False" />
          </lines>
        </class>
        <class name="ProcessDelivery.Infrastructure.Services.OpenAIRiskService/&lt;PredictRisk&gt;d__3" filename="ProcessDelivery.Infrastructure\Services\OpenAIRiskService.cs" line-rate="1" branch-rate="0.9285" complexity="14">
          <methods>
            <method name="MoveNext" signature="()" line-rate="1" branch-rate="0.9285" complexity="14">
              <lines>
                <line number="25" hits="4" branch="False" />
                <line number="27" hits="4" branch="False" />
                <line number="28" hits="4" branch="False" />
                <line number="29" hits="4" branch="False" />
                <line number="31" hits="4" branch="False" />
                <line number="32" hits="4" branch="False" />
                <line number="33" hits="4" branch="False" />
                <line number="34" hits="4" branch="False" />
                <line number="35" hits="4" branch="False" />
                <line number="37" hits="4" branch="False" />
                <line number="38" hits="4" branch="False" />
                <line number="39" hits="4" branch="False" />
                <line number="40" hits="4" branch="False" />
                <line number="41" hits="4" branch="False" />
                <line number="42" hits="4" branch="False" />
                <line number="43" hits="4" branch="False" />
                <line number="44" hits="4" branch="False" />
                <line number="45" hits="4" branch="False" />
                <line number="47" hits="4" branch="False" />
                <line number="49" hits="4" branch="False" />
                <line number="50" hits="4" branch="False" />
                <line number="52" hits="3" branch="False" />
                <line number="53" hits="3" branch="False" />
                <line number="55" hits="3" branch="False" />
                <line number="57" hits="3" branch="True" condition-coverage="100% (8/8)">
                  <conditions>
                    <condition number="892" type="jump" coverage="100%" />
                    <condition number="905" type="jump" coverage="100%" />
                    <condition number="939" type="jump" coverage="100%" />
                    <condition number="973" type="jump" coverage="100%" />
                  </conditions>
                </line>
                <line number="58" hits="3" branch="False" />
                <line number="59" hits="3" branch="False" />
                <line number="60" hits="3" branch="False" />
                <line number="61" hits="1" branch="False" />
                <line number="62" hits="1" branch="False" />
                <line number="63" hits="1" branch="False" />
                <line number="64" hits="1" branch="False" />
                <line number="65" hits="1" branch="False" />
                <line number="66" hits="1" branch="False" />
                <line number="69" hits="2" branch="True" condition-coverage="50% (1/2)">
                  <conditions>
                    <condition number="1020" type="jump" coverage="50%" />
                  </conditions>
                </line>
                <line number="70" hits="2" branch="False" />
                <line number="72" hits="2" branch="True" condition-coverage="100% (2/2)">
                  <conditions>
                    <condition number="1061" type="jump" coverage="100%" />
                  </conditions>
                </line>
                <line number="73" hits="1" branch="False" />
                <line number="74" hits="1" branch="True" condition-coverage="100% (2/2)">
                  <conditions>
                    <condition number="1093" type="jump" coverage="100%" />
                  </conditions>
                </line>
                <line number="75" hits="1" branch="False" />
                <line number="77" hits="2" branch="False" />
                <line number="78" hits="2" branch="False" />
                <line number="79" hits="2" branch="False" />
                <line number="80" hits="2" branch="False" />
                <line number="81" hits="2" branch="False" />
                <line number="83" hits="1" branch="False" />
                <line number="84" hits="1" branch="False" />
                <line number="85" hits="1" branch="False" />
                <line number="87" hits="3" branch="False" />
              </lines>
            </method>
          </methods>
          <lines>
            <line number="25" hits="4" branch="False" />
            <line number="27" hits="4" branch="False" />
            <line number="28" hits="4" branch="False" />
            <line number="29" hits="4" branch="False" />
            <line number="31" hits="4" branch="False" />
            <line number="32" hits="4" branch="False" />
            <line number="33" hits="4" branch="False" />
            <line number="34" hits="4" branch="False" />
            <line number="35" hits="4" branch="False" />
            <line number="37" hits="4" branch="False" />
            <line number="38" hits="4" branch="False" />
            <line number="39" hits="4" branch="False" />
            <line number="40" hits="4" branch="False" />
            <line number="41" hits="4" branch="False" />
            <line number="42" hits="4" branch="False" />
            <line number="43" hits="4" branch="False" />
            <line number="44" hits="4" branch="False" />
            <line number="45" hits="4" branch="False" />
            <line number="47" hits="4" branch="False" />
            <line number="49" hits="4" branch="False" />
            <line number="50" hits="4" branch="False" />
            <line number="52" hits="3" branch="False" />
            <line number="53" hits="3" branch="False" />
            <line number="55" hits="3" branch="False" />
            <line number="57" hits="3" branch="True" condition-coverage="100% (8/8)">
              <conditions>
                <condition number="892" type="jump" coverage="100%" />
                <condition number="905" type="jump" coverage="100%" />
                <condition number="939" type="jump" coverage="100%" />
                <condition number="973" type="jump" coverage="100%" />
              </conditions>
            </line>
            <line number="58" hits="3" branch="False" />
            <line number="59" hits="3" branch="False" />
            <line number="60" hits="3" branch="False" />
            <line number="61" hits="1" branch="False" />
            <line number="62" hits="1" branch="False" />
            <line number="63" hits="1" branch="False" />
            <line number="64" hits="1" branch="False" />
            <line number="65" hits="1" branch="False" />
            <line number="66" hits="1" branch="False" />
            <line number="69" hits="2" branch="True" condition-coverage="50% (1/2)">
              <conditions>
                <condition number="1020" type="jump" coverage="50%" />
              </conditions>
            </line>
            <line number="70" hits="2" branch="False" />
            <line number="72" hits="2" branch="True" condition-coverage="100% (2/2)">
              <conditions>
                <condition number="1061" type="jump" coverage="100%" />
              </conditions>
            </line>
            <line number="73" hits="1" branch="False" />
            <line number="74" hits="1" branch="True" condition-coverage="100% (2/2)">
              <conditions>
                <condition number="1093" type="jump" coverage="100%" />
              </conditions>
            </line>
            <line number="75" hits="1" branch="False" />
            <line number="77" hits="2" branch="False" />
            <line number="78" hits="2" branch="False" />
            <line number="79" hits="2" branch="False" />
            <line number="80" hits="2" branch="False" />
            <line number="81" hits="2" branch="False" />
            <line number="83" hits="1" branch="False" />
            <line number="84" hits="1" branch="False" />
            <line number="85" hits="1" branch="False" />
            <line number="87" hits="3" branch="False" />
          </lines>
        </class>
      </classes>
    </package>
  </packages>
</coverage>